2020-01-23 20:14:28 DEBUG SpringBootAsyncApplication:20 - Запуск приложения
2020-01-23 20:14:28 DEBUG SpringBootAsyncApplication:20 - Запуск приложения
2020-01-23 20:14:33 DEBUG MainController:48 - Получили запрос с следующими параметрами - RUB - 22.01.2020
2020-01-23 20:14:33 DEBUG MainController:74 - Начинается цикл запросов к сервисам
2020-01-23 20:14:33 DEBUG BankUkraineService:34 - -------- Сервис BankUkraine запустился
2020-01-23 20:14:33 DEBUG MonoBankService:30 - -------- Сервис MonoBank запустился
2020-01-23 20:14:33 DEBUG BankUkraineParser:26 - Запустился парсер BankUkraineParser
2020-01-23 20:14:33 DEBUG MainController:96 - Запускается цикл поиска лучшего курса
2020-01-23 20:14:33 DEBUG MonoBankParser:21 - Запустился парсер MonoBankParser
2020-01-23 20:14:33 DEBUG NationalBankService:31 - -------- Сервис NationalBank запустился
2020-01-23 20:14:33 INFO  MonoBankService:33 - -------- Сервис MonoBank отработал и возвращает данные
2020-01-23 20:14:33 DEBUG PrivatBankService:31 - -------- Сервис PrivatBank запустился
2020-01-23 20:14:33 DEBUG NationalBankParser:29 - Запустился парсер NationalBankParser
2020-01-23 20:14:33 DEBUG PrivatBankParser:26 - Запустился парсер NationalBankParser
2020-01-23 20:14:33 DEBUG PrivatBankParser:60 - Запускается обращение к URL
2020-01-23 20:14:33 DEBUG NationalBankParser:72 - Запускается обращение к URL
2020-01-23 20:14:33 DEBUG BankUkraineParser:38 - Запускается обращение к URL
2020-01-23 20:14:33 DEBUG BankUkraineParser:50 - Начинается цикл поиска лучшего курса - RUB
2020-01-23 20:14:33 DEBUG BankUkraineParser:64 - Валюта нашлась, возвращение результата
2020-01-23 20:14:33 INFO  BankUkraineService:36 - -------- Сервис BankUkraine отработал и возвращает данные
2020-01-23 20:14:33 DEBUG NationalBankParser:87 - Запускается цикл поиска лучшего курса - RUB
2020-01-23 20:14:33 DEBUG NationalBankParser:98 - Курс найден, добавление в список
2020-01-23 20:14:33 DEBUG NationalBankParser:109 - Запускается цикл поиска лучшего курса из списка
2020-01-23 20:14:33 INFO  NationalBankParser:117 - Курс найден, возвращение результата
2020-01-23 20:14:33 INFO  NationalBankService:34 - -------- Сервис NationalBank отработал и возвращает данные
2020-01-23 20:14:34 DEBUG PrivatBankParser:76 - Запускается цикл поиска лучшего курса - RUB
2020-01-23 20:14:34 ERROR PrivatBankParser:88 - NullPointerException -> пропуск безымянной валюты
2020-01-23 20:14:34 DEBUG PrivatBankParser:84 - Курс найден, добавление в список
2020-01-23 20:14:34 DEBUG PrivatBankParser:94 - Запускается цикл поиска лучшего курса из списка
2020-01-23 20:14:34 INFO  PrivatBankParser:101 - Курс найден, возвращение результата
2020-01-23 20:14:34 INFO  PrivatBankService:35 - -------- Сервис PrivatBank отработал и возвращает данные
2020-01-23 20:14:34 INFO  MainController:111 - Лучшая валюта найдена
2020-01-23 20:14:34 DEBUG MainController:115 - Создается docx
2020-01-23 20:14:34 DEBUG MainController:128 - Запускается процесс создания и заполнения docx файла
2020-01-23 20:14:34 INFO  MainController:117 - Документ создан
2020-01-23 20:14:34 DEBUG MainController:118 - Возвращается ответ
2020-01-31 12:55:06 DEBUG SpringBootAsyncApplication:20 - Запуск приложения
2020-01-31 12:55:07 DEBUG SpringBootAsyncApplication:20 - Запуск приложения
2020-01-31 13:00:22 DEBUG SpringBootAsyncApplication:20 - Запуск приложения
2020-01-31 13:00:22 DEBUG SpringBootAsyncApplication:20 - Запуск приложения
2020-01-31 13:02:16 DEBUG SpringBootAsyncApplication:20 - Запуск приложения
2020-01-31 13:02:17 DEBUG SpringBootAsyncApplication:20 - Запуск приложения
2020-01-31 13:02:40 DEBUG MainController:48 - Получили запрос с следующими параметрами - RUB - 22.01.2020
2020-01-31 13:02:40 DEBUG MainController:74 - Начинается цикл запросов к сервисам
2020-01-31 13:02:40 DEBUG BankUkraineService:34 - -------- Сервис BankUkraine запустился
2020-01-31 13:02:40 DEBUG BankUkraineParser:26 - Запустился парсер BankUkraineParser
2020-01-31 13:02:40 DEBUG MonoBankService:30 - -------- Сервис MonoBank запустился
2020-01-31 13:02:40 DEBUG MainController:96 - Запускается цикл поиска лучшего курса
2020-01-31 13:02:40 DEBUG NationalBankService:31 - -------- Сервис NationalBank запустился
2020-01-31 13:02:40 DEBUG PrivatBankService:31 - -------- Сервис PrivatBank запустился
2020-01-31 13:02:40 DEBUG MonoBankParser:21 - Запустился парсер MonoBankParser
2020-01-31 13:02:40 DEBUG NationalBankParser:29 - Запустился парсер NationalBankParser
2020-01-31 13:02:40 DEBUG PrivatBankParser:26 - Запустился парсер NationalBankParser
2020-01-31 13:02:40 INFO  MonoBankService:33 - -------- Сервис MonoBank отработал и возвращает данные
2020-01-31 13:02:40 DEBUG PrivatBankParser:60 - Запускается обращение к URL
2020-01-31 13:02:40 DEBUG NationalBankParser:72 - Запускается обращение к URL
2020-01-31 13:02:40 DEBUG BankUkraineParser:38 - Запускается обращение к URL
2020-01-31 13:02:40 DEBUG BankUkraineParser:50 - Начинается цикл поиска лучшего курса - RUB
2020-01-31 13:02:40 DEBUG BankUkraineParser:64 - Валюта нашлась, возвращение результата
2020-01-31 13:02:40 INFO  BankUkraineService:36 - -------- Сервис BankUkraine отработал и возвращает данные
2020-01-31 13:02:40 ERROR NationalBankParser:104 - IOException
2020-01-31 13:02:40 ERROR MainController:107 - ExecutionException
2020-01-31 13:02:40 INFO  MainController:111 - Лучшая валюта найдена
2020-01-31 13:02:40 DEBUG MainController:115 - Создается docx
2020-01-31 13:02:40 DEBUG MainController:128 - Запускается процесс создания и заполнения docx файла
2020-01-31 13:02:41 INFO  MainController:117 - Документ создан
2020-01-31 13:02:41 DEBUG MainController:118 - Возвращается ответ
2020-01-31 13:02:41 DEBUG PrivatBankParser:76 - Запускается цикл поиска лучшего курса - RUB
2020-01-31 13:02:41 ERROR PrivatBankParser:88 - NullPointerException -> пропуск безымянной валюты
2020-01-31 13:02:41 DEBUG PrivatBankParser:84 - Курс найден, добавление в список
2020-01-31 13:02:41 DEBUG PrivatBankParser:94 - Запускается цикл поиска лучшего курса из списка
2020-01-31 13:02:41 INFO  PrivatBankParser:101 - Курс найден, возвращение результата
2020-01-31 13:02:41 INFO  PrivatBankService:35 - -------- Сервис PrivatBank отработал и возвращает данные
2020-01-31 13:07:13 DEBUG SpringBootAsyncApplication:20 - Запуск приложения
2020-01-31 13:07:14 DEBUG SpringBootAsyncApplication:20 - Запуск приложения
2020-01-31 13:07:22 DEBUG SpringBootAsyncApplication:20 -  
2020-01-31 13:12:17 DEBUG SpringBootAsyncApplication:20 -  
2020-01-31 13:14:01 DEBUG SpringBootAsyncApplication:20 -  
2020-01-31 13:23:26 DEBUG SpringBootAsyncApplication:20 -  
2020-01-31 13:24:55 DEBUG SpringBootAsyncApplication:20 -  
2020-01-31 13:25:12 DEBUG SpringBootAsyncApplication:20 -  
2020-01-31 13:28:44 DEBUG SpringBootAsyncApplication:20 -  
2020-01-31 13:33:45 DEBUG SpringBootAsyncApplication:20 -  
2020-01-31 13:34:30 DEBUG SpringBootAsyncApplication:20 - Запуск приложения
2020-01-31 13:34:30 DEBUG SpringBootAsyncApplication:20 - Запуск приложения
2020-01-31 13:34:35 DEBUG MainController:48 - Получили запрос с следующими параметрами - RUB - 22.01.2020
2020-01-31 13:34:35 DEBUG MainController:74 - Начинается цикл запросов к сервисам
2020-01-31 13:34:35 DEBUG BankUkraineService:34 - -------- Сервис BankUkraine запустился
2020-01-31 13:34:35 DEBUG MonoBankService:30 - -------- Сервис MonoBank запустился
2020-01-31 13:34:35 DEBUG MainController:96 - Запускается цикл поиска лучшего курса
2020-01-31 13:34:35 DEBUG BankUkraineParser:26 - Запустился парсер BankUkraineParser
2020-01-31 13:34:35 DEBUG NationalBankService:31 - -------- Сервис NationalBank запустился
2020-01-31 13:34:35 DEBUG PrivatBankService:31 - -------- Сервис PrivatBank запустился
2020-01-31 13:34:35 DEBUG MonoBankParser:21 - Запустился парсер MonoBankParser
2020-01-31 13:34:35 DEBUG PrivatBankParser:26 - Запустился парсер NationalBankParser
2020-01-31 13:34:35 DEBUG NationalBankParser:29 - Запустился парсер NationalBankParser
2020-01-31 13:34:35 INFO  MonoBankService:33 - -------- Сервис MonoBank отработал и возвращает данные
2020-01-31 13:34:35 DEBUG PrivatBankParser:60 - Запускается обращение к URL
2020-01-31 13:34:35 DEBUG NationalBankParser:72 - Запускается обращение к URL
2020-01-31 13:34:35 DEBUG BankUkraineParser:38 - Запускается обращение к URL
2020-01-31 13:34:35 DEBUG BankUkraineParser:50 - Начинается цикл поиска лучшего курса - RUB
2020-01-31 13:34:35 DEBUG BankUkraineParser:64 - Валюта нашлась, возвращение результата
2020-01-31 13:34:35 INFO  BankUkraineService:36 - -------- Сервис BankUkraine отработал и возвращает данные
2020-01-31 13:34:35 DEBUG NationalBankParser:87 - Запускается цикл поиска лучшего курса - RUB
2020-01-31 13:34:35 DEBUG NationalBankParser:98 - Курс найден, добавление в список
2020-01-31 13:34:35 DEBUG NationalBankParser:109 - Запускается цикл поиска лучшего курса из списка
2020-01-31 13:34:35 INFO  NationalBankParser:117 - Курс найден, возвращение результата
2020-01-31 13:34:35 INFO  NationalBankService:34 - -------- Сервис NationalBank отработал и возвращает данные
2020-01-31 13:34:35 DEBUG PrivatBankParser:76 - Запускается цикл поиска лучшего курса - RUB
2020-01-31 13:34:35 ERROR PrivatBankParser:88 - NullPointerException -> пропуск безымянной валюты
2020-01-31 13:34:35 DEBUG PrivatBankParser:84 - Курс найден, добавление в список
2020-01-31 13:34:35 DEBUG PrivatBankParser:94 - Запускается цикл поиска лучшего курса из списка
2020-01-31 13:34:35 INFO  PrivatBankParser:101 - Курс найден, возвращение результата
2020-01-31 13:34:35 INFO  PrivatBankService:35 - -------- Сервис PrivatBank отработал и возвращает данные
2020-01-31 13:34:35 INFO  MainController:111 - Лучшая валюта найдена
2020-01-31 13:34:35 DEBUG MainController:115 - Создается docx
2020-01-31 13:34:35 DEBUG MainController:128 - Запускается процесс создания и заполнения docx файла
2020-01-31 13:34:35 INFO  MainController:117 - Документ создан
2020-01-31 13:34:35 DEBUG MainController:118 - Возвращается ответ
2020-01-31 13:34:41 DEBUG MainController:48 - Получили запрос с следующими параметрами - RUB - 21.01.2020
2020-01-31 13:34:41 DEBUG MainController:74 - Начинается цикл запросов к сервисам
2020-01-31 13:34:41 DEBUG MainController:96 - Запускается цикл поиска лучшего курса
2020-01-31 13:34:41 DEBUG PrivatBankService:31 - -------- Сервис PrivatBank запустился
2020-01-31 13:34:41 DEBUG MonoBankService:30 - -------- Сервис MonoBank запустился
2020-01-31 13:34:41 DEBUG NationalBankService:31 - -------- Сервис NationalBank запустился
2020-01-31 13:34:41 DEBUG BankUkraineService:34 - -------- Сервис BankUkraine запустился
2020-01-31 13:34:41 DEBUG NationalBankParser:29 - Запустился парсер NationalBankParser
2020-01-31 13:34:41 DEBUG MonoBankParser:21 - Запустился парсер MonoBankParser
2020-01-31 13:34:41 INFO  MonoBankService:33 - -------- Сервис MonoBank отработал и возвращает данные
2020-01-31 13:34:41 DEBUG PrivatBankParser:26 - Запустился парсер NationalBankParser
2020-01-31 13:34:41 DEBUG BankUkraineParser:26 - Запустился парсер BankUkraineParser
2020-01-31 13:34:41 DEBUG NationalBankParser:72 - Запускается обращение к URL
2020-01-31 13:34:41 DEBUG PrivatBankParser:60 - Запускается обращение к URL
2020-01-31 13:34:41 DEBUG BankUkraineParser:38 - Запускается обращение к URL
2020-01-31 13:34:41 DEBUG BankUkraineParser:50 - Начинается цикл поиска лучшего курса - RUB
2020-01-31 13:34:41 DEBUG BankUkraineParser:64 - Валюта нашлась, возвращение результата
2020-01-31 13:34:41 INFO  BankUkraineService:36 - -------- Сервис BankUkraine отработал и возвращает данные
2020-01-31 13:34:41 DEBUG NationalBankParser:87 - Запускается цикл поиска лучшего курса - RUB
2020-01-31 13:34:41 DEBUG NationalBankParser:98 - Курс найден, добавление в список
2020-01-31 13:34:41 DEBUG NationalBankParser:109 - Запускается цикл поиска лучшего курса из списка
2020-01-31 13:34:41 INFO  NationalBankParser:117 - Курс найден, возвращение результата
2020-01-31 13:34:41 INFO  NationalBankService:34 - -------- Сервис NationalBank отработал и возвращает данные
2020-01-31 13:34:45 DEBUG PrivatBankParser:76 - Запускается цикл поиска лучшего курса - RUB
2020-01-31 13:34:45 ERROR PrivatBankParser:88 - NullPointerException -> пропуск безымянной валюты
2020-01-31 13:34:45 DEBUG PrivatBankParser:84 - Курс найден, добавление в список
2020-01-31 13:34:45 DEBUG PrivatBankParser:94 - Запускается цикл поиска лучшего курса из списка
2020-01-31 13:34:45 INFO  PrivatBankParser:101 - Курс найден, возвращение результата
2020-01-31 13:34:45 INFO  PrivatBankService:35 - -------- Сервис PrivatBank отработал и возвращает данные
2020-01-31 13:34:45 INFO  MainController:111 - Лучшая валюта найдена
2020-01-31 13:34:45 DEBUG MainController:115 - Создается docx
2020-01-31 13:34:45 DEBUG MainController:128 - Запускается процесс создания и заполнения docx файла
2020-01-31 13:34:45 INFO  MainController:117 - Документ создан
2020-01-31 13:34:45 DEBUG MainController:118 - Возвращается ответ
